CRITICAL - 2023-04-25 00:42:51 --> Undefined variable $titulo
in APPPATH\Views\header.php on line 12.
 1 APPPATH\Views\header.php(12): CodeIgniter\Debug\Exceptions->errorHandler(2, 'Undefined variable $titulo', 'C:\\xampp\\htdocs\\proyecto_ramirez_gonzalo\\app\\Views\\header.php', 12)
 2 APPPATH\Views\terminos-usos.php(1): require('C:\\xampp\\htdocs\\proyecto_ramirez_gonzalo\\app\\Views\\header.php')
 3 SYSTEMPATH\View\View.php(213): include('C:\\xampp\\htdocs\\proyecto_ramirez_gonzalo\\app\\Views\\terminos-usos.php')
 4 SYSTEMPATH\View\View.php(216): CodeIgniter\View\View->CodeIgniter\View\{closure}()
 5 SYSTEMPATH\Common.php(1184): CodeIgniter\View\View->render('terminos-usos', [], true)
 6 APPPATH\Controllers\Home.php(28): view('terminos-usos')
 7 SYSTEMPATH\CodeIgniter.php(934): App\Controllers\Home->terminos_usos()
 8 SYSTEMPATH\CodeIgniter.php(499): CodeIgniter\CodeIgniter->runController(Object(App\Controllers\Home))
 9 SYSTEMPATH\CodeIgniter.php(368): CodeIgniter\CodeIgniter->handleRequest(null, Object(Config\Cache), false)
10 FCPATH\index.php(67): CodeIgniter\CodeIgniter->run()
CRITICAL - 2023-04-25 00:43:32 --> Undefined variable $titulo
in APPPATH\Views\header.php on line 12.
 1 APPPATH\Views\header.php(12): CodeIgniter\Debug\Exceptions->errorHandler(2, 'Undefined variable $titulo', 'C:\\xampp\\htdocs\\proyecto_ramirez_gonzalo\\app\\Views\\header.php', 12)
 2 APPPATH\Views\construccion.php(1): require('C:\\xampp\\htdocs\\proyecto_ramirez_gonzalo\\app\\Views\\header.php')
 3 SYSTEMPATH\View\View.php(213): include('C:\\xampp\\htdocs\\proyecto_ramirez_gonzalo\\app\\Views\\construccion.php')
 4 SYSTEMPATH\View\View.php(216): CodeIgniter\View\View->CodeIgniter\View\{closure}()
 5 SYSTEMPATH\Common.php(1184): CodeIgniter\View\View->render('construccion', [], true)
 6 APPPATH\Controllers\Home.php(33): view('construccion')
 7 SYSTEMPATH\CodeIgniter.php(934): App\Controllers\Home->productos()
 8 SYSTEMPATH\CodeIgniter.php(499): CodeIgniter\CodeIgniter->runController(Object(App\Controllers\Home))
 9 SYSTEMPATH\CodeIgniter.php(368): CodeIgniter\CodeIgniter->handleRequest(null, Object(Config\Cache), false)
10 FCPATH\index.php(67): CodeIgniter\CodeIgniter->run()
